<?xml version="1.0" encoding="UTF-8"?>
<testsuite name="MatrixTest" tests="4" skipped="0" failures="0" errors="0" timestamp="2024-03-02T01:05:02" hostname="Sparshs-MBP.olin.edu" time="0.008">
  <properties/>
  <testcase name="strassenMultiply()" classname="MatrixTest" time="0.006"/>
  <testcase name="testSetValueGetElement()" classname="MatrixTest" time="0.001"/>
  <testcase name="multiply()" classname="MatrixTest" time="0.001"/>
  <testcase name="testInitializedGetElement()" classname="MatrixTest" time="0.0"/>
  <system-out><![CDATA[]]></system-out>
  <system-err><![CDATA[]]></system-err>
</testsuite>
