<?xml version="1.0" encoding="UTF-8"?>
<testsuite name="AssociativeArrayTest" tests="10" skipped="0" failures="0" errors="0" timestamp="2024-03-27T02:53:14" hostname="Sparshs-MBP.olin.edu" time="0.023">
  <properties/>
  <testcase name="rehash()" classname="AssociativeArrayTest" time="0.006"/>
  <testcase name="remove()" classname="AssociativeArrayTest" time="0.001"/>
  <testcase name="contains()" classname="AssociativeArrayTest" time="0.001"/>
  <testcase name="get()" classname="AssociativeArrayTest" time="0.001"/>
  <testcase name="set()" classname="AssociativeArrayTest" time="0.0"/>
  <testcase name="hash()" classname="AssociativeArrayTest" time="0.001"/>
  <testcase name="size()" classname="AssociativeArrayTest" time="0.0"/>
  <testcase name="keyValuePairs()" classname="AssociativeArrayTest" time="0.009"/>
  <testcase name="nextPrime()" classname="AssociativeArrayTest" time="0.001"/>
  <testcase name="isPrime()" classname="AssociativeArrayTest" time="0.0"/>
  <system-out><![CDATA[]]></system-out>
  <system-err><![CDATA[]]></system-err>
</testsuite>
