<?xml version="1.0" encoding="UTF-8"?>
<testsuite name="ParenthesesProblemTest" tests="2" skipped="0" failures="0" errors="0" timestamp="2024-01-31T19:13:49" hostname="Sparshs-MBP.olin.edu" time="0.011">
  <properties/>
  <testcase name="testValid()" classname="ParenthesesProblemTest" time="0.01"/>
  <testcase name="testInvalid()" classname="ParenthesesProblemTest" time="0.001"/>
  <system-out><![CDATA[]]></system-out>
  <system-err><![CDATA[]]></system-err>
</testsuite>
