<?xml version="1.0" encoding="UTF-8"?>
<testsuite name="StackTest" tests="4" skipped="0" failures="0" errors="0" timestamp="2024-01-31T02:37:34" hostname="Sparshs-MBP.olin.edu" time="0.013">
  <properties/>
  <testcase name="enqueue()" classname="StackTest" time="0.01"/>
  <testcase name="peek()" classname="StackTest" time="0.0"/>
  <testcase name="dequeue()" classname="StackTest" time="0.0"/>
  <testcase name="isEmpty()" classname="StackTest" time="0.0"/>
  <system-out><![CDATA[]]></system-out>
  <system-err><![CDATA[]]></system-err>
</testsuite>
